[18Jan2025 23:42:01.923] [main/INFO] [cpw.mods.modlauncher.Launcher/MODLAUNCHER]: ModLauncher running: args [--launchTarget, forgeclientuserdev, --version, 21.1.93, --assetIndex, 17, --assetsDir, C:\\Users\\Roboadmin\\.gradle\\caches\\neoformruntime\\assets, --gameDir, ., --fml.neoForgeVersion, 21.1.93, --fml.fmlVersion, 4.0.34, --fml.mcVersion, 1.21.1, --fml.neoFormVersion, 20240808.144430]
[18Jan2025 23:42:01.925] [main/INFO] [cpw.mods.modlauncher.Launcher/MODLAUNCHER]: JVM identified as Eclipse Adoptium OpenJDK 64-Bit Server VM 21.0.5+11-LTS
[18Jan2025 23:42:01.926] [main/INFO] [cpw.mods.modlauncher.Launcher/MODLAUNCHER]: ModLauncher 11.0.4+main.d2e20e43 starting: java version 21.0.5 by Eclipse Adoptium; OS Windows 10 arch amd64 version 10.0
[18Jan2025 23:42:02.021] [main/INFO] [net.neoforged.fml.loading.ImmediateWindowHandler/]: Loading ImmediateWindowProvider fmlearlywindow
[18Jan2025 23:42:02.210] [main/INFO] [EARLYDISPLAY/]: Trying GL version 4.6
[18Jan2025 23:42:02.385] [main/INFO] [EARLYDISPLAY/]: Requested GL version 4.6 got version 4.6
[18Jan2025 23:42:02.500] [main/INFO] [mixin/]: SpongePowered MIXIN Subsystem Version=0.8.7 Source=union:/C:/Users/Roboadmin/.gradle/caches/modules-2/files-2.1/net.fabricmc/sponge-mixin/0.15.2+mixin.0.8.7/2af2f021d8e02a0220dc27a7a72b4666d66d44ca/sponge-mixin-0.15.2+mixin.0.8.7.jar%23131!/ Service=ModLauncher Env=CLIENT
[18Jan2025 23:42:02.748] [pool-2-thread-1/INFO] [EARLYDISPLAY/]: GL info: NVIDIA GeForce RTX 3080 Ti/PCIe/SSE2 GL version 4.6.0 NVIDIA 566.36, NVIDIA Corporation
[18Jan2025 23:42:02.945] [main/INFO] [net.neoforged.fml.loading.moddiscovery.locators.JarInJarDependencyLocator/]: Found 2 dependencies adding them to mods collection
[18Jan2025 23:42:02.948] [main/INFO] [net.neoforged.fml.loading.moddiscovery.ModDiscoverer/]: 
     Mod List:
		Name Version (Mod Id)

		Just Enough Items 19.10.0.126 (jei)
		Minecraft 1.21.1 (minecraft)
		NeoForge 21.1.93 (neoforge)
		RotaryCraft: Rerotated 1.0.0 (rotarycraft)
[18Jan2025 23:42:03.982] [main/INFO] [cpw.mods.modlauncher.LaunchServiceHandler/MODLAUNCHER]: Launching target 'forgeclientuserdev' with arguments [--version, 21.1.93, --gameDir, ., --assetsDir, C:\Users\Roboadmin\.gradle\caches\neoformruntime\assets, --assetIndex, 17]
[18Jan2025 23:42:05.526] [Datafixer Bootstrap/INFO] [com.mojang.datafixers.DataFixerBuilder/]: 229 Datafixer optimizations took 384 milliseconds
[18Jan2025 23:42:05.720] [pool-8-thread-1/INFO] [MixinExtras|Service/]: Initializing MixinExtras via com.llamalad7.mixinextras.service.MixinExtrasServiceImpl(version=0.4.1).
[18Jan2025 23:42:09.798] [main/WARN] [net.minecraft.commands.Commands/]: Ambiguity between arguments [teleport, location] and [teleport, destination] with inputs: [0.1 -0.5 .9, 0 0 0]
[18Jan2025 23:42:09.800] [main/WARN] [net.minecraft.commands.Commands/]: Ambiguity between arguments [teleport, location] and [teleport, targets] with inputs: [0.1 -0.5 .9, 0 0 0]
[18Jan2025 23:42:09.802] [main/WARN] [net.minecraft.commands.Commands/]: Ambiguity between arguments [teleport, destination] and [teleport, targets] with inputs: [Player, 0123, @e, dd12be42-52a9-4a91-a8a1-11c01849e498]
[18Jan2025 23:42:09.803] [main/WARN] [net.minecraft.commands.Commands/]: Ambiguity between arguments [teleport, targets] and [teleport, destination] with inputs: [Player, 0123, dd12be42-52a9-4a91-a8a1-11c01849e498]
[18Jan2025 23:42:09.804] [main/WARN] [net.minecraft.commands.Commands/]: Ambiguity between arguments [teleport, targets, location] and [teleport, targets, destination] with inputs: [0.1 -0.5 .9, 0 0 0]
[18Jan2025 23:42:09.919] [Render thread/WARN] [net.minecraft.server.packs.VanillaPackResourcesBuilder/]: Assets URL 'union:/C:/Users/Roboadmin/git/rotarycraft-rerotated/build/moddev/artifacts/neoforge-21.1.93-minecraft.jar%23183!/assets/.mcassetsroot' uses unexpected schema
[18Jan2025 23:42:09.919] [Render thread/WARN] [net.minecraft.server.packs.VanillaPackResourcesBuilder/]: Assets URL 'union:/C:/Users/Roboadmin/git/rotarycraft-rerotated/build/moddev/artifacts/neoforge-21.1.93-minecraft.jar%23183!/data/.mcassetsroot' uses unexpected schema
[18Jan2025 23:42:09.944] [Render thread/INFO] [com.mojang.authlib.yggdrasil.YggdrasilAuthenticationService/]: Environment: Environment[sessionHost=https://sessionserver.mojang.com, servicesHost=https://api.minecraftservices.com, name=PROD]
[18Jan2025 23:42:09.950] [Render thread/INFO] [net.minecraft.client.Minecraft/]: Setting user: Dev
[18Jan2025 23:42:10.011] [Render thread/INFO] [net.minecraft.client.Minecraft/]: Backend library: LWJGL version 3.3.3+5
[18Jan2025 23:42:10.240] [modloading-worker-0/INFO] [net.neoforged.neoforge.common.NeoForgeMod/NEOFORGE-MOD]: NeoForge mod loading, version 21.1.93, for MC 1.21.1
[18Jan2025 23:42:10.350] [modloading-worker-0/INFO] [mezz.jei.library.load.PluginCaller/]: Sending ConfigManager...
[18Jan2025 23:42:10.353] [modloading-worker-0/INFO] [mezz.jei.library.load.PluginCaller/]: Sending ConfigManager took 1.448 ms
[18Jan2025 23:42:11.003] [Render thread/INFO] [net.neoforged.neoforge.gametest.GameTestHooks/]: Enabled Gametest Namespaces: [rotarycraft]
[18Jan2025 23:42:11.101] [Render thread/INFO] [net.minecraft.server.packs.resources.ReloadableResourceManager/]: Reloading ResourceManager: vanilla, mod_resources, mod/rotarycraft, mod/neoforge, mod/jei
[18Jan2025 23:42:11.229] [Worker-Main-13/INFO] [net.minecraft.client.gui.font.providers.UnihexProvider/]: Found unifont_all_no_pua-15.1.05.hex, loading
[18Jan2025 23:42:11.262] [Worker-Main-4/ERROR] [net.minecraft.Util/]: Invalid path in pack: rotarycraft:textures/item/BASE/baseextract-2.png, ignoring
[18Jan2025 23:42:11.263] [Worker-Main-4/ERROR] [net.minecraft.Util/]: Invalid path in pack: rotarycraft:textures/item/BASE/baseextract.png, ignoring
[18Jan2025 23:42:11.263] [Worker-Main-4/ERROR] [net.minecraft.Util/]: Invalid path in pack: rotarycraft:textures/item/BASE/drillhead_iron.png, ignoring
[18Jan2025 23:42:11.263] [Worker-Main-4/ERROR] [net.minecraft.Util/]: Invalid path in pack: rotarycraft:textures/item/BASE/items.png, ignoring
[18Jan2025 23:42:11.264] [Worker-Main-4/ERROR] [net.minecraft.Util/]: Invalid path in pack: rotarycraft:textures/item/BASE/items2.png, ignoring
[18Jan2025 23:42:11.264] [Worker-Main-4/ERROR] [net.minecraft.Util/]: Invalid path in pack: rotarycraft:textures/item/BASE/items3.png, ignoring
[18Jan2025 23:42:11.264] [Worker-Main-4/ERROR] [net.minecraft.Util/]: Invalid path in pack: rotarycraft:textures/item/BASE/items4.png, ignoring
[18Jan2025 23:42:11.264] [Worker-Main-4/ERROR] [net.minecraft.Util/]: Invalid path in pack: rotarycraft:textures/item/BASE/modextracts.png, ignoring
[18Jan2025 23:42:11.265] [Worker-Main-4/ERROR] [net.minecraft.Util/]: Invalid path in pack: rotarycraft:textures/item/BASE/modextracts2.png, ignoring
[18Jan2025 23:42:11.265] [Worker-Main-4/ERROR] [net.minecraft.Util/]: Invalid path in pack: rotarycraft:textures/item/BASE/modingots.png, ignoring
[18Jan2025 23:42:11.266] [Worker-Main-4/ERROR] [net.minecraft.Util/]: Invalid path in pack: rotarycraft:textures/item/BASE/modingots2.png, ignoring
[18Jan2025 23:42:11.321] [Worker-Main-5/INFO] [net.minecraft.client.gui.font.providers.UnihexProvider/]: Found unifont_jp_patch-15.1.05.hex, loading
[18Jan2025 23:42:12.631] [Render thread/WARN] [net.minecraft.client.sounds.SoundEngine/]: Missing sound for event: minecraft:item.goat_horn.play
[18Jan2025 23:42:12.632] [Render thread/WARN] [net.minecraft.client.sounds.SoundEngine/]: Missing sound for event: minecraft:entity.goat.screaming.horn_break
[18Jan2025 23:42:12.671] [Render thread/INFO] [com.mojang.blaze3d.audio.Library/]: OpenAL initialized on device OpenAL Soft on Speakers (3- GSA 70 Main Audio)
[18Jan2025 23:42:12.672] [Render thread/INFO] [net.minecraft.client.sounds.SoundEngine/SOUNDS]: Sound engine started
[18Jan2025 23:42:12.781] [Render thread/INFO] [net.minecraft.client.renderer.texture.TextureAtlas/]: Created: 1024x1024x4 minecraft:textures/atlas/blocks.png-atlas
[18Jan2025 23:42:12.791] [Render thread/INFO] [net.minecraft.client.renderer.texture.TextureAtlas/]: Created: 256x256x4 minecraft:textures/atlas/signs.png-atlas
[18Jan2025 23:42:12.791] [Render thread/INFO] [net.minecraft.client.renderer.texture.TextureAtlas/]: Created: 512x512x4 minecraft:textures/atlas/banner_patterns.png-atlas
[18Jan2025 23:42:12.792] [Render thread/INFO] [net.minecraft.client.renderer.texture.TextureAtlas/]: Created: 512x512x4 minecraft:textures/atlas/shield_patterns.png-atlas
[18Jan2025 23:42:12.792] [Render thread/INFO] [net.minecraft.client.renderer.texture.TextureAtlas/]: Created: 1024x1024x4 minecraft:textures/atlas/armor_trims.png-atlas
[18Jan2025 23:42:12.796] [Render thread/INFO] [net.minecraft.client.renderer.texture.TextureAtlas/]: Created: 128x64x4 minecraft:textures/atlas/decorated_pot.png-atlas
[18Jan2025 23:42:12.796] [Render thread/INFO] [net.minecraft.client.renderer.texture.TextureAtlas/]: Created: 256x256x4 minecraft:textures/atlas/chest.png-atlas
[18Jan2025 23:42:12.796] [Render thread/INFO] [net.minecraft.client.renderer.texture.TextureAtlas/]: Created: 512x256x4 minecraft:textures/atlas/shulker_boxes.png-atlas
[18Jan2025 23:42:12.797] [Render thread/INFO] [net.minecraft.client.renderer.texture.TextureAtlas/]: Created: 512x256x4 minecraft:textures/atlas/beds.png-atlas
[18Jan2025 23:42:12.938] [Render thread/INFO] [net.minecraft.client.renderer.texture.TextureAtlas/]: Created: 512x256x0 minecraft:textures/atlas/particles.png-atlas
[18Jan2025 23:42:12.939] [Render thread/INFO] [net.minecraft.client.renderer.texture.TextureAtlas/]: Created: 512x256x0 minecraft:textures/atlas/paintings.png-atlas
[18Jan2025 23:42:12.940] [Render thread/INFO] [net.minecraft.client.renderer.texture.TextureAtlas/]: Created: 256x128x0 minecraft:textures/atlas/mob_effects.png-atlas
[18Jan2025 23:42:12.940] [Render thread/INFO] [net.minecraft.client.renderer.texture.TextureAtlas/]: Created: 64x64x0 minecraft:textures/atlas/map_decorations.png-atlas
[18Jan2025 23:42:12.940] [Render thread/INFO] [net.minecraft.client.renderer.texture.TextureAtlas/]: Created: 1024x512x0 minecraft:textures/atlas/gui.png-atlas
[18Jan2025 23:42:12.961] [Render thread/WARN] [net.minecraft.client.renderer.ShaderInstance/]: Shader rendertype_entity_translucent_emissive could not find sampler named Sampler2 in the specified shader program.
[18Jan2025 23:42:13.008] [Render thread/INFO] [net.neoforged.neoforge.client.entity.animation.json.AnimationLoader/]: Loaded 0 entity animations
[18Jan2025 23:42:13.008] [Render thread/INFO] [net.minecraft.client.renderer.texture.TextureAtlas/]: Created: 256x256x0 jei:textures/atlas/gui.png-atlas
[18Jan2025 23:43:23.808] [Render thread/INFO] [net.minecraft.world.item.crafting.RecipeManager/]: Loaded 1291 recipes
[18Jan2025 23:43:23.924] [Render thread/INFO] [net.minecraft.advancements.AdvancementTree/]: Loaded 1400 advancements
[18Jan2025 23:43:24.323] [Render thread/INFO] [mezz.jei.neoforge.startup.StartEventObserver/]: JEI StartEventObserver received class net.neoforged.neoforge.event.TagsUpdatedEvent too early, ignoring
[18Jan2025 23:43:24.400] [Server thread/INFO] [net.minecraft.client.server.IntegratedServer/]: Starting integrated minecraft server version 1.21.1
[18Jan2025 23:43:24.400] [Server thread/INFO] [net.minecraft.server.MinecraftServer/]: Generating keypair
[18Jan2025 23:43:24.692] [Server thread/INFO] [net.minecraft.server.MinecraftServer/]: Preparing start region for dimension minecraft:overworld
[18Jan2025 23:43:24.953] [progressListener/INFO] [net.minecraft.server.level.progress.LoggerChunkProgressListener/]: Preparing spawn area: 0%
[18Jan2025 23:43:25.015] [progressListener/INFO] [net.minecraft.server.level.progress.LoggerChunkProgressListener/]: Time elapsed: 317 ms
[18Jan2025 23:43:25.016] [Server thread/INFO] [net.neoforged.neoforge.server.permission.PermissionAPI/]: Successfully initialized permission handler neoforge:default_handler
[18Jan2025 23:43:25.075] [Server thread/INFO] [net.minecraft.client.server.IntegratedServer/]: Changing view distance to 12, from 10
[18Jan2025 23:43:25.075] [Server thread/INFO] [net.minecraft.client.server.IntegratedServer/]: Changing simulation distance to 12, from 0
[18Jan2025 23:43:25.675] [Render thread/INFO] [mezz.jei.neoforge.startup.StartEventObserver/]: JEI StartEventObserver received class net.neoforged.neoforge.event.TagsUpdatedEvent
[18Jan2025 23:43:25.822] [Server thread/INFO] [net.minecraft.server.players.PlayerList/]: Dev[local:E:f16d8d15] logged in with entity id 62 at (12.684596224168725, 105.49064323361056, -3.2702354738733526)
[18Jan2025 23:43:25.891] [Server thread/INFO] [net.minecraft.server.MinecraftServer/]: Dev joined the game
[18Jan2025 23:43:26.219] [Render thread/INFO] [mezz.jei.neoforge.startup.StartEventObserver/]: JEI StartEventObserver received class net.neoforged.neoforge.client.event.RecipesUpdatedEvent
[18Jan2025 23:43:26.219] [Render thread/INFO] [mezz.jei.neoforge.startup.StartEventObserver/]: JEI StartEventObserver transitioning state from LISTENING to JEI_STARTED
[18Jan2025 23:43:26.220] [Render thread/INFO] [mezz.jei.core.util.LoggedTimer/]: Starting JEI...
[18Jan2025 23:43:26.227] [Render thread/INFO] [mezz.jei.library.load.PluginCaller/]: Registering item subtypes...
[18Jan2025 23:43:26.235] [Render thread/INFO] [mezz.jei.library.load.PluginCaller/]: Registering item subtypes took 7.674 ms
[18Jan2025 23:43:26.235] [Render thread/INFO] [mezz.jei.library.load.PluginCaller/]: Registering fluid subtypes...
[18Jan2025 23:43:26.238] [Render thread/INFO] [mezz.jei.library.load.PluginCaller/]: Registering fluid subtypes took 2.212 ms
[18Jan2025 23:43:26.239] [Render thread/INFO] [mezz.jei.library.load.PluginCaller/]: Registering ingredients...
[18Jan2025 23:43:26.327] [Render thread/WARN] [mezz.jei.library.plugins.vanilla.ingredients.ItemStackListFactory/]: Item Group has no display items and no search tab display items. Items from this group will be missing from the JEI ingredient list. Operator Utilities
[18Jan2025 23:43:26.377] [Render thread/INFO] [mezz.jei.library.load.PluginCallerTimerRunnable/]: Registering ingredients: jei:minecraft took 137.6 milliseconds
[18Jan2025 23:43:26.378] [Render thread/INFO] [mezz.jei.library.load.PluginCaller/]: Registering ingredients took 138.3 ms
[18Jan2025 23:43:26.378] [Render thread/INFO] [mezz.jei.library.load.PluginCaller/]: Registering search ingredient aliases...
[18Jan2025 23:43:26.379] [Render thread/INFO] [mezz.jei.library.load.PluginCaller/]: Registering search ingredient aliases took 857.0 μs
[18Jan2025 23:43:26.388] [Render thread/INFO] [mezz.jei.library.load.PluginCaller/]: Registering Mod Info...
[18Jan2025 23:43:26.389] [Render thread/INFO] [mezz.jei.library.load.PluginCaller/]: Registering Mod Info took 867.4 μs
[18Jan2025 23:43:26.415] [Render thread/INFO] [mezz.jei.library.load.PluginCaller/]: Registering categories...
[18Jan2025 23:43:26.429] [Render thread/INFO] [mezz.jei.library.load.PluginCallerTimerRunnable/]: Registering categories: jei:minecraft took 13.44 milliseconds
[18Jan2025 23:43:26.434] [Render thread/INFO] [mezz.jei.library.load.PluginCaller/]: Registering categories took 18.88 ms
[18Jan2025 23:43:26.434] [Render thread/INFO] [mezz.jei.library.load.PluginCaller/]: Registering vanilla category extensions...
[18Jan2025 23:43:26.436] [Render thread/INFO] [mezz.jei.library.load.PluginCaller/]: Registering vanilla category extensions took 1.555 ms
[18Jan2025 23:43:26.436] [Render thread/INFO] [mezz.jei.library.load.PluginCaller/]: Registering recipe catalysts...
[18Jan2025 23:43:26.438] [Render thread/INFO] [mezz.jei.library.load.PluginCaller/]: Registering recipe catalysts took 982.0 μs
[18Jan2025 23:43:26.439] [Render thread/INFO] [mezz.jei.library.load.PluginCaller/]: Registering advanced plugins...
[18Jan2025 23:43:26.439] [Render thread/INFO] [mezz.jei.library.load.PluginCaller/]: Registering advanced plugins took 446.9 μs
[18Jan2025 23:43:26.439] [Render thread/INFO] [mezz.jei.core.util.LoggedTimer/]: Building recipe registry...
[18Jan2025 23:43:26.447] [Render thread/INFO] [mezz.jei.core.util.LoggedTimer/]: Building recipe registry took 6.997 ms
[18Jan2025 23:43:26.450] [Render thread/INFO] [mezz.jei.library.load.PluginCaller/]: Registering recipes...
[18Jan2025 23:43:26.577] [Render thread/INFO] [mezz.jei.library.load.PluginCallerTimerRunnable/]: Registering recipes: jei:minecraft took 127.2 milliseconds
[18Jan2025 23:43:26.601] [Render thread/INFO] [mezz.jei.library.load.PluginCallerTimerRunnable/]: Registering recipes: jei:internal took 23.73 milliseconds
[18Jan2025 23:43:26.602] [Render thread/INFO] [mezz.jei.library.load.PluginCaller/]: Registering recipes took 151.6 ms
[18Jan2025 23:43:26.610] [Render thread/INFO] [mezz.jei.library.load.PluginCaller/]: Registering recipes transfer handlers...
[18Jan2025 23:43:26.615] [Render thread/INFO] [mezz.jei.library.load.PluginCaller/]: Registering recipes transfer handlers took 4.874 ms
[18Jan2025 23:43:26.623] [Render thread/INFO] [mezz.jei.core.util.LoggedTimer/]: Building runtime...
[18Jan2025 23:43:26.631] [Render thread/INFO] [mezz.jei.library.load.PluginCaller/]: Registering gui handlers...
[18Jan2025 23:43:26.641] [Render thread/INFO] [mezz.jei.library.load.PluginCaller/]: Registering gui handlers took 9.467 ms
[18Jan2025 23:43:26.645] [Render thread/INFO] [mezz.jei.library.load.PluginCaller/]: Registering Runtime...
[18Jan2025 23:43:26.647] [Render thread/INFO] [mezz.jei.gui.startup.JeiGuiStarter/]: Starting JEI GUI
[18Jan2025 23:43:26.647] [Render thread/INFO] [mezz.jei.core.util.LoggedTimer/]: Building ingredient list...
[18Jan2025 23:43:26.650] [Render thread/INFO] [mezz.jei.core.util.LoggedTimer/]: Building ingredient list took 3.078 ms
[18Jan2025 23:43:26.651] [Render thread/INFO] [mezz.jei.core.util.LoggedTimer/]: Building ingredient filter...
[18Jan2025 23:43:26.683] [Render thread/INFO] [mezz.jei.gui.ingredients.IngredientFilter/]: Adding 1958 ingredients
[18Jan2025 23:43:26.920] [Render thread/INFO] [mezz.jei.gui.ingredients.IngredientFilter/]: Added 1958/1958 ingredients
[18Jan2025 23:43:26.921] [Render thread/INFO] [mezz.jei.core.util.LoggedTimer/]: Building ingredient filter took 270.6 ms
[18Jan2025 23:43:27.054] [Render thread/INFO] [mezz.jei.library.load.PluginCallerTimerRunnable/]: Registering Runtime: jei:neoforge_gui took 408.8 milliseconds
[18Jan2025 23:43:27.055] [Render thread/INFO] [mezz.jei.library.load.PluginCaller/]: Registering Runtime took 409.5 ms
[18Jan2025 23:43:27.056] [Render thread/INFO] [mezz.jei.core.util.LoggedTimer/]: Building runtime took 432.2 ms
[18Jan2025 23:43:27.056] [Render thread/INFO] [mezz.jei.library.load.PluginCaller/]: Sending Runtime...
[18Jan2025 23:43:27.056] [Render thread/INFO] [mezz.jei.library.load.PluginCaller/]: Sending Runtime took 455.2 μs
[18Jan2025 23:43:27.057] [Render thread/INFO] [mezz.jei.core.util.LoggedTimer/]: Starting JEI took 836.7 ms
[18Jan2025 23:43:27.077] [Render thread/INFO] [net.minecraft.advancements.AdvancementTree/]: Loaded 89 advancements
[18Jan2025 23:44:11.117] [Server thread/INFO] [net.minecraft.client.server.IntegratedServer/]: Saving and pausing game...
[18Jan2025 23:44:11.135] [Server thread/INFO] [net.minecraft.server.MinecraftServer/]: Saving chunks for level 'ServerLevel[subnoutica]'/minecraft:overworld
[18Jan2025 23:44:11.156] [Server thread/INFO] [net.minecraft.server.MinecraftServer/]: Saving chunks for level 'ServerLevel[subnoutica]'/minecraft:the_end
[18Jan2025 23:44:11.161] [Server thread/INFO] [net.minecraft.server.MinecraftServer/]: Saving chunks for level 'ServerLevel[subnoutica]'/minecraft:the_nether
[18Jan2025 23:44:11.648] [Render thread/INFO] [mezz.jei.neoforge.startup.StartEventObserver/]: JEI StartEventObserver received class net.neoforged.neoforge.client.event.ClientPlayerNetworkEvent$LoggingOut
[18Jan2025 23:44:11.648] [Render thread/INFO] [mezz.jei.neoforge.startup.StartEventObserver/]: JEI StartEventObserver transitioning state from JEI_STARTED to LISTENING
[18Jan2025 23:44:11.649] [Render thread/INFO] [mezz.jei.library.startup.JeiStarter/]: Stopping JEI
[18Jan2025 23:44:11.649] [Render thread/INFO] [mezz.jei.library.load.PluginCaller/]: Sending Runtime Unavailable...
[18Jan2025 23:44:11.650] [Render thread/INFO] [mezz.jei.neoforge.plugins.neoforge.NeoForgeGuiPlugin/]: Stopping JEI GUI
[18Jan2025 23:44:11.654] [Render thread/INFO] [mezz.jei.library.load.PluginCaller/]: Sending Runtime Unavailable took 4.050 ms
[18Jan2025 23:44:11.707] [Server thread/INFO] [net.minecraft.server.network.ServerGamePacketListenerImpl/]: Dev lost connection: Disconnected
[18Jan2025 23:44:11.707] [Server thread/INFO] [net.minecraft.server.MinecraftServer/]: Dev left the game
[18Jan2025 23:44:11.717] [Server thread/INFO] [net.minecraft.server.network.ServerCommonPacketListenerImpl/]: Stopping singleplayer server as player logged out
[18Jan2025 23:44:11.728] [Server thread/INFO] [net.minecraft.server.MinecraftServer/]: Stopping server
[18Jan2025 23:44:11.729] [Server thread/INFO] [net.minecraft.server.MinecraftServer/]: Saving players
[18Jan2025 23:44:11.729] [Server thread/INFO] [net.minecraft.server.MinecraftServer/]: Saving worlds
[18Jan2025 23:44:11.810] [Server thread/INFO] [net.minecraft.server.MinecraftServer/]: Saving chunks for level 'ServerLevel[subnoutica]'/minecraft:overworld
[18Jan2025 23:44:11.861] [Server thread/INFO] [net.minecraft.server.MinecraftServer/]: Saving chunks for level 'ServerLevel[subnoutica]'/minecraft:the_end
[18Jan2025 23:44:11.865] [Server thread/INFO] [net.minecraft.server.MinecraftServer/]: Saving chunks for level 'ServerLevel[subnoutica]'/minecraft:the_nether
[18Jan2025 23:44:11.873] [Server thread/INFO] [net.minecraft.server.MinecraftServer/]: ThreadedAnvilChunkStorage (subnoutica): All chunks are saved
[18Jan2025 23:44:11.874] [Server thread/INFO] [net.minecraft.server.MinecraftServer/]: ThreadedAnvilChunkStorage (DIM1): All chunks are saved
[18Jan2025 23:44:11.874] [Server thread/INFO] [net.minecraft.server.MinecraftServer/]: ThreadedAnvilChunkStorage (DIM-1): All chunks are saved
[18Jan2025 23:44:11.874] [Server thread/INFO] [net.minecraft.server.MinecraftServer/]: ThreadedAnvilChunkStorage: All dimensions are saved
[18Jan2025 23:44:12.544] [Render thread/INFO] [net.minecraft.client.Minecraft/]: Stopping!
